#! /usr/bin/vvp
:ivl_version "10.1 (stable)";
:ivl_delay_selection "TYPICAL";
:vpi_time_precision - 10;
:vpi_module "system";
:vpi_module "vhdl_sys";
:vpi_module "v2005_math";
:vpi_module "va_math";
S_0x56086c79c510 .scope module, "test_bench" "test_bench" 2 3;
 .timescale -9 -10;
v0x56086c7bcb50_0 .var "clk", 0 0;
v0x56086c7bcc20_0 .net "out", 3 0, v0x56086c7bc950_0;  1 drivers
v0x56086c7bccf0_0 .var "reset", 0 0;
S_0x56086c79c690 .scope module, "count" "counter" 2 15, 3 1 0, S_0x56086c79c510;
 .timescale 0 0;
    .port_info 0 /INPUT 1 "clk"
    .port_info 1 /INPUT 1 "reset"
    .port_info 2 /OUTPUT 4 "out"
v0x56086c79c8d0_0 .net "clk", 0 0, v0x56086c7bcb50_0;  1 drivers
v0x56086c7bc950_0 .var "out", 3 0;
v0x56086c7bca30_0 .net "reset", 0 0, v0x56086c7bccf0_0;  1 drivers
E_0x56086c7985f0/0 .event negedge, v0x56086c7bca30_0;
E_0x56086c7985f0/1 .event posedge, v0x56086c79c8d0_0;
E_0x56086c7985f0 .event/or E_0x56086c7985f0/0, E_0x56086c7985f0/1;
    .scope S_0x56086c79c690;
T_0 ;
    %wait E_0x56086c7985f0;
    %load/vec4 v0x56086c7bca30_0;
    %pad/u 32;
    %cmpi/e 0, 0, 32;
    %jmp/0xz  T_0.0, 4;
    %pushi/vec4 0, 0, 4;
    %assign/vec4 v0x56086c7bc950_0, 0;
    %jmp T_0.1;
T_0.0 ;
    %load/vec4 v0x56086c7bc950_0;
    %cmpi/e 13, 0, 4;
    %jmp/0xz  T_0.2, 4;
    %pushi/vec4 0, 0, 4;
    %assign/vec4 v0x56086c7bc950_0, 0;
    %jmp T_0.3;
T_0.2 ;
    %load/vec4 v0x56086c7bc950_0;
    %pushi/vec4 6, 0, 4;
    %cmp/e;
    %flag_get/vec4 4;
    %load/vec4 v0x56086c7bc950_0;
    %pushi/vec4 9, 0, 4;
    %cmp/e;
    %flag_get/vec4 4;
    %or;
    %flag_set/vec4 8;
    %jmp/0xz  T_0.4, 8;
    %load/vec4 v0x56086c7bc950_0;
    %addi 2, 0, 4;
    %assign/vec4 v0x56086c7bc950_0, 0;
    %jmp T_0.5;
T_0.4 ;
    %load/vec4 v0x56086c7bc950_0;
    %addi 1, 0, 4;
    %assign/vec4 v0x56086c7bc950_0, 0;
T_0.5 ;
T_0.3 ;
T_0.1 ;
    %jmp T_0;
    .thread T_0;
    .scope S_0x56086c79c510;
T_1 ;
    %pushi/vec4 0, 0, 1;
    %store/vec4 v0x56086c7bcb50_0, 0, 1;
    %end;
    .thread T_1;
    .scope S_0x56086c79c510;
T_2 ;
    %delay 100, 0;
    %load/vec4 v0x56086c7bcb50_0;
    %inv;
    %store/vec4 v0x56086c7bcb50_0, 0, 1;
    %jmp T_2;
    .thread T_2;
    .scope S_0x56086c79c510;
T_3 ;
    %vpi_call 2 19 "$dumpfile", "counter.vcd" {0 0 0};
    %vpi_call 2 20 "$dumpvars", 32'sb00000000000000000000000000000000, S_0x56086c79c510 {0 0 0};
    %pushi/vec4 0, 0, 1;
    %store/vec4 v0x56086c7bccf0_0, 0, 1;
    %delay 50, 0;
    %pushi/vec4 1, 0, 1;
    %store/vec4 v0x56086c7bccf0_0, 0, 1;
    %delay 5000, 0;
    %vpi_call 2 25 "$finish" {0 0 0};
    %end;
    .thread T_3;
# The file index is used to find the file name in the following table.
:file_names 4;
    "N/A";
    "<interactive>";
    "test_bench.v";
    "counter.v";
