#! /usr/bin/vvp
:ivl_version "10.1 (stable)";
:ivl_delay_selection "TYPICAL";
:vpi_time_precision - 10;
:vpi_module "system";
:vpi_module "vhdl_sys";
:vpi_module "v2005_math";
:vpi_module "va_math";
S_0x55a0ca807c80 .scope module, "test_bench" "test_bench" 2 3;
 .timescale -9 -10;
v0x55a0ca828360_0 .var "clk", 0 0;
v0x55a0ca828420_0 .net "out", 3 0, v0x55a0ca828040_0;  1 drivers
v0x55a0ca8284f0_0 .var "reset", 0 0;
v0x55a0ca8285f0_0 .var "way", 0 0;
S_0x55a0ca807e00 .scope module, "count" "counter" 2 16, 3 1 0, S_0x55a0ca807c80;
 .timescale 0 0;
    .port_info 0 /INPUT 1 "clk"
    .port_info 1 /INPUT 1 "reset"
    .port_info 2 /INPUT 1 "way"
    .port_info 3 /OUTPUT 4 "out"
v0x55a0ca808040_0 .net "clk", 0 0, v0x55a0ca828360_0;  1 drivers
v0x55a0ca828040_0 .var "out", 3 0;
v0x55a0ca828120_0 .net "reset", 0 0, v0x55a0ca8284f0_0;  1 drivers
v0x55a0ca8281f0_0 .net "way", 0 0, v0x55a0ca8285f0_0;  1 drivers
E_0x55a0ca7ca8a0/0 .event negedge, v0x55a0ca828120_0;
E_0x55a0ca7ca8a0/1 .event posedge, v0x55a0ca808040_0;
E_0x55a0ca7ca8a0 .event/or E_0x55a0ca7ca8a0/0, E_0x55a0ca7ca8a0/1;
    .scope S_0x55a0ca807e00;
T_0 ;
    %wait E_0x55a0ca7ca8a0;
    %load/vec4 v0x55a0ca828120_0;
    %pad/u 32;
    %cmpi/e 0, 0, 32;
    %jmp/0xz  T_0.0, 4;
    %pushi/vec4 0, 0, 4;
    %assign/vec4 v0x55a0ca828040_0, 0;
    %jmp T_0.1;
T_0.0 ;
    %load/vec4 v0x55a0ca8281f0_0;
    %pad/u 32;
    %cmpi/e 1, 0, 32;
    %jmp/0xz  T_0.2, 4;
    %load/vec4 v0x55a0ca828040_0;
    %cmpi/e 13, 0, 4;
    %jmp/0xz  T_0.4, 4;
    %pushi/vec4 0, 0, 4;
    %assign/vec4 v0x55a0ca828040_0, 0;
    %jmp T_0.5;
T_0.4 ;
    %load/vec4 v0x55a0ca828040_0;
    %pushi/vec4 6, 0, 4;
    %cmp/e;
    %flag_get/vec4 4;
    %load/vec4 v0x55a0ca828040_0;
    %pushi/vec4 9, 0, 4;
    %cmp/e;
    %flag_get/vec4 4;
    %or;
    %flag_set/vec4 8;
    %jmp/0xz  T_0.6, 8;
    %load/vec4 v0x55a0ca828040_0;
    %addi 2, 0, 4;
    %assign/vec4 v0x55a0ca828040_0, 0;
    %jmp T_0.7;
T_0.6 ;
    %load/vec4 v0x55a0ca828040_0;
    %addi 1, 0, 4;
    %assign/vec4 v0x55a0ca828040_0, 0;
T_0.7 ;
T_0.5 ;
    %jmp T_0.3;
T_0.2 ;
    %load/vec4 v0x55a0ca828040_0;
    %cmpi/e 0, 0, 4;
    %jmp/0xz  T_0.8, 4;
    %pushi/vec4 13, 0, 4;
    %assign/vec4 v0x55a0ca828040_0, 0;
    %jmp T_0.9;
T_0.8 ;
    %load/vec4 v0x55a0ca828040_0;
    %pushi/vec4 8, 0, 4;
    %cmp/e;
    %flag_get/vec4 4;
    %load/vec4 v0x55a0ca828040_0;
    %pushi/vec4 11, 0, 4;
    %cmp/e;
    %flag_get/vec4 4;
    %or;
    %flag_set/vec4 8;
    %jmp/0xz  T_0.10, 8;
    %load/vec4 v0x55a0ca828040_0;
    %subi 2, 0, 4;
    %assign/vec4 v0x55a0ca828040_0, 0;
    %jmp T_0.11;
T_0.10 ;
    %load/vec4 v0x55a0ca828040_0;
    %subi 1, 0, 4;
    %assign/vec4 v0x55a0ca828040_0, 0;
T_0.11 ;
T_0.9 ;
T_0.3 ;
T_0.1 ;
    %jmp T_0;
    .thread T_0;
    .scope S_0x55a0ca807c80;
T_1 ;
    %pushi/vec4 0, 0, 1;
    %store/vec4 v0x55a0ca828360_0, 0, 1;
    %end;
    .thread T_1;
    .scope S_0x55a0ca807c80;
T_2 ;
    %pushi/vec4 0, 0, 1;
    %store/vec4 v0x55a0ca8285f0_0, 0, 1;
    %end;
    .thread T_2;
    .scope S_0x55a0ca807c80;
T_3 ;
    %delay 100, 0;
    %load/vec4 v0x55a0ca828360_0;
    %inv;
    %store/vec4 v0x55a0ca828360_0, 0, 1;
    %jmp T_3;
    .thread T_3;
    .scope S_0x55a0ca807c80;
T_4 ;
    %vpi_call 2 20 "$dumpfile", "counter.vcd" {0 0 0};
    %vpi_call 2 21 "$dumpvars", 32'sb00000000000000000000000000000000, S_0x55a0ca807c80 {0 0 0};
    %pushi/vec4 0, 0, 1;
    %store/vec4 v0x55a0ca8284f0_0, 0, 1;
    %delay 50, 0;
    %pushi/vec4 1, 0, 1;
    %store/vec4 v0x55a0ca8284f0_0, 0, 1;
    %delay 5000, 0;
    %pushi/vec4 1, 0, 1;
    %store/vec4 v0x55a0ca8285f0_0, 0, 1;
    %delay 5000, 0;
    %vpi_call 2 26 "$finish" {0 0 0};
    %end;
    .thread T_4;
# The file index is used to find the file name in the following table.
:file_names 4;
    "N/A";
    "<interactive>";
    "test_bench.v";
    "counter.v";
