#! /usr/bin/vvp
:ivl_version "10.1 (stable)";
:ivl_delay_selection "TYPICAL";
:vpi_time_precision - 10;
:vpi_module "system";
:vpi_module "vhdl_sys";
:vpi_module "v2005_math";
:vpi_module "va_math";
S_0x555c1671caf0 .scope module, "test_bench" "test_bench" 2 3;
 .timescale -9 -10;
v0x555c1673d220_0 .var "clk", 0 0;
v0x555c1673d2e0_0 .net "out", 0 0, v0x555c1673ce20_0;  1 drivers
v0x555c1673d3b0_0 .var "reset", 0 0;
v0x555c1673d4b0_0 .var "start", 0 0;
v0x555c1673d580_0 .var "stop", 0 0;
S_0x555c1671cc70 .scope module, "memory_switch" "switch" 2 17, 3 1 0, S_0x555c1671caf0;
 .timescale 0 0;
    .port_info 0 /INPUT 1 "clk"
    .port_info 1 /INPUT 1 "reset"
    .port_info 2 /INPUT 1 "start"
    .port_info 3 /INPUT 1 "stop"
    .port_info 4 /OUTPUT 1 "out"
v0x555c1671cec0_0 .net "clk", 0 0, v0x555c1673d220_0;  1 drivers
v0x555c1673ce20_0 .var "out", 0 0;
v0x555c1673cee0_0 .net "reset", 0 0, v0x555c1673d3b0_0;  1 drivers
v0x555c1673cfb0_0 .net "start", 0 0, v0x555c1673d4b0_0;  1 drivers
v0x555c1673d070_0 .net "stop", 0 0, v0x555c1673d580_0;  1 drivers
E_0x555c167159a0/0 .event negedge, v0x555c1673cee0_0;
E_0x555c167159a0/1 .event posedge, v0x555c1671cec0_0;
E_0x555c167159a0 .event/or E_0x555c167159a0/0, E_0x555c167159a0/1;
    .scope S_0x555c1671cc70;
T_0 ;
    %wait E_0x555c167159a0;
    %load/vec4 v0x555c1673cee0_0;
    %pad/u 32;
    %cmpi/e 0, 0, 32;
    %jmp/0xz  T_0.0, 4;
    %pushi/vec4 0, 0, 1;
    %assign/vec4 v0x555c1673ce20_0, 0;
    %jmp T_0.1;
T_0.0 ;
    %load/vec4 v0x555c1673cfb0_0;
    %load/vec4 v0x555c1673ce20_0;
    %load/vec4 v0x555c1673d070_0;
    %inv;
    %and;
    %or;
    %assign/vec4 v0x555c1673ce20_0, 0;
T_0.1 ;
    %jmp T_0;
    .thread T_0;
    .scope S_0x555c1671caf0;
T_1 ;
    %pushi/vec4 0, 0, 1;
    %store/vec4 v0x555c1673d220_0, 0, 1;
    %end;
    .thread T_1;
    .scope S_0x555c1671caf0;
T_2 ;
    %pushi/vec4 0, 0, 1;
    %store/vec4 v0x555c1673d4b0_0, 0, 1;
    %end;
    .thread T_2;
    .scope S_0x555c1671caf0;
T_3 ;
    %pushi/vec4 0, 0, 1;
    %store/vec4 v0x555c1673d580_0, 0, 1;
    %end;
    .thread T_3;
    .scope S_0x555c1671caf0;
T_4 ;
    %delay 100, 0;
    %load/vec4 v0x555c1673d220_0;
    %inv;
    %store/vec4 v0x555c1673d220_0, 0, 1;
    %jmp T_4;
    .thread T_4;
    .scope S_0x555c1671caf0;
T_5 ;
    %vpi_call 2 21 "$dumpfile", "memory_switch.vcd" {0 0 0};
    %vpi_call 2 22 "$dumpvars", 32'sb00000000000000000000000000000000, S_0x555c1671caf0 {0 0 0};
    %pushi/vec4 0, 0, 1;
    %store/vec4 v0x555c1673d3b0_0, 0, 1;
    %delay 50, 0;
    %pushi/vec4 1, 0, 1;
    %store/vec4 v0x555c1673d3b0_0, 0, 1;
    %delay 500, 0;
    %pushi/vec4 1, 0, 1;
    %store/vec4 v0x555c1673d580_0, 0, 1;
    %delay 500, 0;
    %pushi/vec4 0, 0, 1;
    %store/vec4 v0x555c1673d4b0_0, 0, 1;
    %delay 500, 0;
    %pushi/vec4 0, 0, 1;
    %store/vec4 v0x555c1673d580_0, 0, 1;
    %delay 500, 0;
    %pushi/vec4 1, 0, 1;
    %store/vec4 v0x555c1673d580_0, 0, 1;
    %delay 500, 0;
    %pushi/vec4 1, 0, 1;
    %store/vec4 v0x555c1673d4b0_0, 0, 1;
    %delay 500, 0;
    %vpi_call 2 31 "$finish" {0 0 0};
    %end;
    .thread T_5;
# The file index is used to find the file name in the following table.
:file_names 4;
    "N/A";
    "<interactive>";
    "test_bench.v";
    "switch.v";
