#! /usr/bin/vvp
:ivl_version "10.1 (stable)";
:ivl_delay_selection "TYPICAL";
:vpi_time_precision - 10;
:vpi_module "system";
:vpi_module "vhdl_sys";
:vpi_module "v2005_math";
:vpi_module "va_math";
S_0x55fb338dc0f0 .scope module, "lab_2_tb" "lab_2_tb" 2 3;
 .timescale -9 -10;
v0x55fb338fd3b0_0 .net "A", 0 0, L_0x55fb338fdc60;  1 drivers
v0x55fb338fd470_0 .net "B", 0 0, L_0x55fb338fdd00;  1 drivers
v0x55fb338fd510_0 .net "C", 0 0, L_0x55fb338fde40;  1 drivers
v0x55fb338fd5e0_0 .net "D", 0 0, L_0x55fb338fdf30;  1 drivers
v0x55fb338fd6b0_0 .net "F_2", 0 0, v0x55fb338d4380_0;  1 drivers
v0x55fb338fd750_0 .net "F_6", 0 0, L_0x55fb338ff120;  1 drivers
v0x55fb338fd820_0 .net "F_7", 0 0, L_0x55fb338fe930;  1 drivers
v0x55fb338fd8f0_0 .net *"_s6", 3 0, L_0x55fb338fe0e0;  1 drivers
v0x55fb338fd990_0 .var/i "i", 31 0;
v0x55fb338fdac0_0 .net "in_2", 3 0, L_0x55fb338fe180;  1 drivers
v0x55fb338fdb90_0 .net "in_6", 3 0, L_0x55fb338fe2b0;  1 drivers
L_0x55fb338fdc60 .part L_0x55fb338fe0e0, 3, 1;
L_0x55fb338fdd00 .part L_0x55fb338fe0e0, 2, 1;
L_0x55fb338fde40 .part L_0x55fb338fe0e0, 1, 1;
L_0x55fb338fdf30 .part L_0x55fb338fe0e0, 0, 1;
L_0x55fb338fe0e0 .part v0x55fb338fd990_0, 0, 4;
L_0x55fb338fe180 .part v0x55fb338fd990_0, 0, 4;
L_0x55fb338fe2b0 .part v0x55fb338fd990_0, 0, 4;
S_0x55fb338dc270 .scope module, "the_circut_2" "lab_2_fun2" 2 13, 3 1 0, S_0x55fb338dc0f0;
 .timescale 0 0;
    .port_info 0 /INPUT 4 "in"
    .port_info 1 /OUTPUT 1 "F"
v0x55fb338d4380_0 .var "F", 0 0;
v0x55fb338fbab0_0 .net "in", 3 0, L_0x55fb338fe180;  alias, 1 drivers
E_0x55fb338cc010 .event edge, v0x55fb338fbab0_0;
S_0x55fb338fbbf0 .scope module, "the_circut_6" "lab_2_fun6" 2 14, 4 1 0, S_0x55fb338dc0f0;
 .timescale 0 0;
    .port_info 0 /INPUT 4 "in"
    .port_info 1 /OUTPUT 1 "F"
L_0x55fb338fedf0 .functor NOT 1, L_0x55fb338fecb0, C4<0>, C4<0>, C4<0>;
L_0x55fb338fee60 .functor AND 1, L_0x55fb338fedf0, L_0x55fb338fed50, C4<1>, C4<1>;
L_0x55fb338fef70 .functor NOT 1, L_0x55fb338fecb0, C4<0>, C4<0>, C4<0>;
L_0x55fb338fefe0 .functor AND 1, L_0x55fb338fef70, L_0x55fb338feb80, C4<1>, C4<1>;
L_0x55fb338ff120 .functor OR 1, L_0x55fb338fee60, L_0x55fb338fefe0, C4<0>, C4<0>;
v0x55fb338fbdc0_0 .net "A", 0 0, L_0x55fb338feae0;  1 drivers
v0x55fb338fbea0_0 .net "B", 0 0, L_0x55fb338feb80;  1 drivers
v0x55fb338fbf60_0 .net "C", 0 0, L_0x55fb338fecb0;  1 drivers
v0x55fb338fc000_0 .net "D", 0 0, L_0x55fb338fed50;  1 drivers
v0x55fb338fc0c0_0 .net "F", 0 0, L_0x55fb338ff120;  alias, 1 drivers
v0x55fb338fc1d0_0 .net *"_s10", 0 0, L_0x55fb338fee60;  1 drivers
v0x55fb338fc2b0_0 .net *"_s12", 0 0, L_0x55fb338fef70;  1 drivers
v0x55fb338fc390_0 .net *"_s14", 0 0, L_0x55fb338fefe0;  1 drivers
v0x55fb338fc470_0 .net *"_s8", 0 0, L_0x55fb338fedf0;  1 drivers
v0x55fb338fc550_0 .net "in", 3 0, L_0x55fb338fe2b0;  alias, 1 drivers
L_0x55fb338feae0 .part L_0x55fb338fe2b0, 3, 1;
L_0x55fb338feb80 .part L_0x55fb338fe2b0, 2, 1;
L_0x55fb338fecb0 .part L_0x55fb338fe2b0, 1, 1;
L_0x55fb338fed50 .part L_0x55fb338fe2b0, 0, 1;
S_0x55fb338fc690 .scope module, "the_circut_7" "lab_2_fun7" 2 12, 5 1 0, S_0x55fb338dc0f0;
 .timescale 0 0;
    .port_info 0 /INPUT 1 "A"
    .port_info 1 /INPUT 1 "B"
    .port_info 2 /INPUT 1 "C"
    .port_info 3 /INPUT 1 "D"
    .port_info 4 /OUTPUT 1 "F"
L_0x55fb338fe3a0 .functor NOT 1, L_0x55fb338fdd00, C4<0>, C4<0>, C4<0>;
L_0x55fb338fe410 .functor NOT 1, L_0x55fb338fdf30, C4<0>, C4<0>, C4<0>;
L_0x55fb338fe480 .functor AND 1, L_0x55fb338fe3a0, L_0x55fb338fe410, C4<1>, C4<1>;
L_0x55fb338fe590 .functor AND 1, L_0x55fb338fdd00, L_0x55fb338fdf30, C4<1>, C4<1>;
L_0x55fb338fe750 .functor OR 1, L_0x55fb338fe480, L_0x55fb338fe590, C4<0>, C4<0>;
L_0x55fb338fe7c0 .functor NOT 1, L_0x55fb338fdd00, C4<0>, C4<0>, C4<0>;
L_0x55fb338fe870 .functor AND 1, L_0x55fb338fe7c0, L_0x55fb338fde40, C4<1>, C4<1>;
L_0x55fb338fe930 .functor OR 1, L_0x55fb338fe750, L_0x55fb338fe870, C4<0>, C4<0>;
v0x55fb338fc890_0 .net "A", 0 0, L_0x55fb338fdc60;  alias, 1 drivers
v0x55fb338fc930_0 .net "B", 0 0, L_0x55fb338fdd00;  alias, 1 drivers
v0x55fb338fc9f0_0 .net "C", 0 0, L_0x55fb338fde40;  alias, 1 drivers
v0x55fb338fca90_0 .net "D", 0 0, L_0x55fb338fdf30;  alias, 1 drivers
v0x55fb338fcb50_0 .net "F", 0 0, L_0x55fb338fe930;  alias, 1 drivers
v0x55fb338fcc60_0 .net *"_s0", 0 0, L_0x55fb338fe3a0;  1 drivers
v0x55fb338fcd40_0 .net *"_s10", 0 0, L_0x55fb338fe7c0;  1 drivers
v0x55fb338fce20_0 .net *"_s12", 0 0, L_0x55fb338fe870;  1 drivers
v0x55fb338fcf00_0 .net *"_s2", 0 0, L_0x55fb338fe410;  1 drivers
v0x55fb338fd070_0 .net *"_s4", 0 0, L_0x55fb338fe480;  1 drivers
v0x55fb338fd150_0 .net *"_s6", 0 0, L_0x55fb338fe590;  1 drivers
v0x55fb338fd230_0 .net *"_s8", 0 0, L_0x55fb338fe750;  1 drivers
    .scope S_0x55fb338dc270;
T_0 ;
    %wait E_0x55fb338cc010;
    %load/vec4 v0x55fb338fbab0_0;
    %dup/vec4;
    %pushi/vec4 5, 0, 4;
    %cmp/u;
    %jmp/1 T_0.1, 6;
    %dup/vec4;
    %pushi/vec4 7, 0, 4;
    %cmp/u;
    %jmp/1 T_0.2, 6;
    %dup/vec4;
    %pushi/vec4 12, 0, 4;
    %cmp/u;
    %jmp/1 T_0.3, 6;
    %dup/vec4;
    %pushi/vec4 13, 0, 4;
    %cmp/u;
    %jmp/1 T_0.4, 6;
    %dup/vec4;
    %pushi/vec4 15, 0, 4;
    %cmp/u;
    %jmp/1 T_0.5, 6;
    %pushi/vec4 0, 0, 1;
    %store/vec4 v0x55fb338d4380_0, 0, 1;
    %jmp T_0.6;
T_0.1 ;
    %pushi/vec4 1, 0, 1;
    %store/vec4 v0x55fb338d4380_0, 0, 1;
    %jmp T_0.6;
T_0.2 ;
    %pushi/vec4 1, 0, 1;
    %store/vec4 v0x55fb338d4380_0, 0, 1;
    %jmp T_0.6;
T_0.3 ;
    %pushi/vec4 1, 0, 1;
    %store/vec4 v0x55fb338d4380_0, 0, 1;
    %jmp T_0.6;
T_0.4 ;
    %pushi/vec4 1, 0, 1;
    %store/vec4 v0x55fb338d4380_0, 0, 1;
    %jmp T_0.6;
T_0.5 ;
    %pushi/vec4 1, 0, 1;
    %store/vec4 v0x55fb338d4380_0, 0, 1;
    %jmp T_0.6;
T_0.6 ;
    %pop/vec4 1;
    %jmp T_0;
    .thread T_0, $push;
    .scope S_0x55fb338dc0f0;
T_1 ;
    %vpi_call 2 18 "$dumpfile", "lab_2.vcd" {0 0 0};
    %vpi_call 2 19 "$dumpvars", 32'sb00000000000000000000000000000000, S_0x55fb338dc0f0 {0 0 0};
    %pushi/vec4 0, 0, 32;
    %store/vec4 v0x55fb338fd990_0, 0, 32;
T_1.0 ;
    %load/vec4 v0x55fb338fd990_0;
    %cmpi/u 15, 0, 32;
    %flag_or 5, 4;
    %jmp/0xz T_1.1, 5;
    %delay 100, 0;
    %vpi_call 2 22 "$display", "done testing case %d", v0x55fb338fd990_0 {0 0 0};
    %load/vec4 v0x55fb338fd990_0;
    %addi 1, 0, 32;
    %store/vec4 v0x55fb338fd990_0, 0, 32;
    %jmp T_1.0;
T_1.1 ;
    %vpi_call 2 24 "$finish" {0 0 0};
    %end;
    .thread T_1;
# The file index is used to find the file name in the following table.
:file_names 6;
    "N/A";
    "<interactive>";
    "lab_2_tb.v";
    "lab_2_fun2.v";
    "lab_2_fun6.v";
    "lab_2_fun7.v";
