#! /usr/bin/vvp
:ivl_version "10.1 (stable)";
:ivl_delay_selection "TYPICAL";
:vpi_time_precision - 10;
:vpi_module "system";
:vpi_module "vhdl_sys";
:vpi_module "v2005_math";
:vpi_module "va_math";
S_0x55d69e7adc70 .scope module, "test_bench" "test_bench" 2 3;
 .timescale -9 -10;
P_0x55d69e7ab330 .param/l "N" 0 2 5, +C4<00000000000000000000000000000101>;
v0x55d69e7ce830_0 .var "clk", 0 0;
v0x55d69e7ce920_0 .var "ctrl", 1 0;
v0x55d69e7ce9f0_0 .net "out", 4 0, L_0x55d69e7cef00;  1 drivers
v0x55d69e7ceaf0_0 .var "reset", 0 0;
S_0x55d69e7ade40 .scope module, "count" "counter" 2 17, 3 1 0, S_0x55d69e7adc70;
 .timescale 0 0;
    .port_info 0 /INPUT 1 "clk"
    .port_info 1 /INPUT 1 "reset"
    .port_info 2 /INPUT 2 "ctrl"
    .port_info 3 /OUTPUT 5 "out"
P_0x55d69e7ae010 .param/l "N" 0 3 3, +C4<00000000000000000000000000000101>;
L_0x55d69e76eba0 .functor XOR 4, L_0x55d69e7cecc0, L_0x55d69e7ced90, C4<0000>, C4<0000>;
v0x55d69e7ae0b0_0 .net *"_s1", 0 0, L_0x55d69e7cebc0;  1 drivers
v0x55d69e7ce090_0 .net *"_s3", 3 0, L_0x55d69e7cecc0;  1 drivers
v0x55d69e7ce170_0 .net *"_s5", 3 0, L_0x55d69e7ced90;  1 drivers
v0x55d69e7ce260_0 .net *"_s6", 3 0, L_0x55d69e76eba0;  1 drivers
v0x55d69e7ce340_0 .net "clk", 0 0, v0x55d69e7ce830_0;  1 drivers
v0x55d69e7ce450_0 .net "ctrl", 1 0, v0x55d69e7ce920_0;  1 drivers
v0x55d69e7ce530_0 .net "out", 4 0, L_0x55d69e7cef00;  alias, 1 drivers
v0x55d69e7ce610_0 .net "reset", 0 0, v0x55d69e7ceaf0_0;  1 drivers
v0x55d69e7ce6d0_0 .var "tmp", 4 0;
E_0x55d69e7a38c0/0 .event negedge, v0x55d69e7ce610_0;
E_0x55d69e7a38c0/1 .event posedge, v0x55d69e7ce340_0;
E_0x55d69e7a38c0 .event/or E_0x55d69e7a38c0/0, E_0x55d69e7a38c0/1;
L_0x55d69e7cebc0 .part v0x55d69e7ce6d0_0, 4, 1;
L_0x55d69e7cecc0 .part v0x55d69e7ce6d0_0, 1, 4;
L_0x55d69e7ced90 .part v0x55d69e7ce6d0_0, 0, 4;
L_0x55d69e7cef00 .concat [ 4 1 0 0], L_0x55d69e76eba0, L_0x55d69e7cebc0;
    .scope S_0x55d69e7ade40;
T_0 ;
    %wait E_0x55d69e7a38c0;
    %load/vec4 v0x55d69e7ce610_0;
    %pad/u 32;
    %cmpi/e 0, 0, 32;
    %jmp/0xz  T_0.0, 4;
    %pushi/vec4 0, 0, 5;
    %assign/vec4 v0x55d69e7ce6d0_0, 0;
    %jmp T_0.1;
T_0.0 ;
    %load/vec4 v0x55d69e7ce450_0;
    %pad/u 32;
    %cmpi/e 0, 0, 32;
    %jmp/0xz  T_0.2, 4;
    %load/vec4 v0x55d69e7ce6d0_0;
    %subi 1, 0, 5;
    %assign/vec4 v0x55d69e7ce6d0_0, 0;
    %jmp T_0.3;
T_0.2 ;
    %load/vec4 v0x55d69e7ce6d0_0;
    %load/vec4 v0x55d69e7ce450_0;
    %pad/s 5;
    %add;
    %assign/vec4 v0x55d69e7ce6d0_0, 0;
T_0.3 ;
T_0.1 ;
    %jmp T_0;
    .thread T_0;
    .scope S_0x55d69e7adc70;
T_1 ;
    %pushi/vec4 0, 0, 1;
    %store/vec4 v0x55d69e7ce830_0, 0, 1;
    %end;
    .thread T_1;
    .scope S_0x55d69e7adc70;
T_2 ;
    %pushi/vec4 0, 0, 2;
    %store/vec4 v0x55d69e7ce920_0, 0, 2;
    %end;
    .thread T_2;
    .scope S_0x55d69e7adc70;
T_3 ;
    %delay 100, 0;
    %load/vec4 v0x55d69e7ce830_0;
    %inv;
    %store/vec4 v0x55d69e7ce830_0, 0, 1;
    %jmp T_3;
    .thread T_3;
    .scope S_0x55d69e7adc70;
T_4 ;
    %vpi_call 2 21 "$dumpfile", "counter.vcd" {0 0 0};
    %vpi_call 2 22 "$dumpvars", 32'sb00000000000000000000000000000000, S_0x55d69e7adc70 {0 0 0};
    %pushi/vec4 0, 0, 1;
    %store/vec4 v0x55d69e7ceaf0_0, 0, 1;
    %delay 50, 0;
    %pushi/vec4 1, 0, 1;
    %store/vec4 v0x55d69e7ceaf0_0, 0, 1;
    %delay 1500, 0;
    %pushi/vec4 1, 0, 2;
    %store/vec4 v0x55d69e7ce920_0, 0, 2;
    %delay 1500, 0;
    %pushi/vec4 3, 0, 2;
    %store/vec4 v0x55d69e7ce920_0, 0, 2;
    %delay 1500, 0;
    %vpi_call 2 28 "$finish" {0 0 0};
    %end;
    .thread T_4;
# The file index is used to find the file name in the following table.
:file_names 4;
    "N/A";
    "<interactive>";
    "test_bench.v";
    "counter.v";
